[debug] [2024-02-03T19:36:53.225Z] ----------------------------------------------------------------------
[debug] [2024-02-03T19:36:53.228Z] Command:       /usr/local/bin/node /usr/local/share/npm-global/bin/firebase login
[debug] [2024-02-03T19:36:53.228Z] CLI Version:   13.1.0
[debug] [2024-02-03T19:36:53.228Z] Platform:      linux
[debug] [2024-02-03T19:36:53.228Z] Node Version:  v20.10.0
[debug] [2024-02-03T19:36:53.228Z] Time:          Sat Feb 03 2024 19:36:53 GMT+0000 (Coordinated Universal Time)
[debug] [2024-02-03T19:36:53.228Z] ----------------------------------------------------------------------
[debug] 
[debug] [2024-02-03T19:36:53.231Z] >>> [apiv2][query] GET https://firebase-public.firebaseio.com/cli.json [none]
[info] i  Firebase optionally collects CLI and Emulator Suite usage and error reporting information to help improve our products. Data is collected in accordance with Google's privacy policy (https://policies.google.com/privacy) and is not used to identify you.
 
[debug] [2024-02-03T19:36:53.542Z] <<< [apiv2][status] GET https://firebase-public.firebaseio.com/cli.json 200
[debug] [2024-02-03T19:36:53.543Z] <<< [apiv2][body] GET https://firebase-public.firebaseio.com/cli.json {"cloudBuildErrorAfter":1594252800000,"cloudBuildWarnAfter":1590019200000,"defaultNode10After":1594252800000,"minVersion":"3.0.5","node8DeploysDisabledAfter":1613390400000,"node8RuntimeDisabledAfter":1615809600000,"node8WarnAfter":1600128000000}
[info] 
[info] Visit this URL on this device to log in:
[info] https://accounts.google.com/o/oauth2/auth?client_id=563584335869-fgrhgmd47bqnekij5i8b5pr03ho849e6.apps.googleusercontent.com&scope=email%20openid%20https%3A%2F%2Fwww.googleapis.com%2Fauth%2Fcloudplatformprojects.readonly%20https%3A%2F%2Fwww.googleapis.com%2Fauth%2Ffirebase%20https%3A%2F%2Fwww.googleapis.com%2Fauth%2Fcloud-platform&response_type=code&state=749455243&redirect_uri=http%3A%2F%2Flocalhost%3A9005
[info] 
[info] Waiting for authentication...
[debug] [2024-02-03T19:36:59.075Z] >>> [apiv2][query] POST https://auth.firebase.tools/attest [none]
[debug] [2024-02-03T19:36:59.077Z] >>> [apiv2][body] POST https://auth.firebase.tools/attest {"session_id":"d689538d-94f0-4b33-8f45-0ede309ecdde"}
[debug] [2024-02-03T19:36:59.412Z] <<< [apiv2][status] POST https://auth.firebase.tools/attest 200
[debug] [2024-02-03T19:36:59.412Z] <<< [apiv2][body] POST https://auth.firebase.tools/attest {"token":"DNwVvEHKPxwkztF9HbmXmOXd3TTn2XWYp0FO89PeIoc"}
[info] 
[info] To sign in to the Firebase CLI:
[info] 
[info] 1. Take note of your session ID:
[info] 
[info]    D6895
[info] 
[info] 2. Visit the URL below on any device and follow the instructions to get your code:
[info] 
[info]    https://auth.firebase.tools/login?code_challenge=dt9innIAy_vP_iYqmPU6o6bWC_zFKb4vwjEzGHSk_OE&session=d689538d-94f0-4b33-8f45-0ede309ecdde&attest=DNwVvEHKPxwkztF9HbmXmOXd3TTn2XWYp0FO89PeIoc
[info] 
[info] 3. Paste or enter the authorization code below once you have it:
[info] 
[debug] [2024-02-03T19:39:42.839Z] ----------------------------------------------------------------------
[debug] [2024-02-03T19:39:42.841Z] Command:       /usr/local/bin/node /usr/local/share/npm-global/bin/firebase login
[debug] [2024-02-03T19:39:42.841Z] CLI Version:   13.1.0
[debug] [2024-02-03T19:39:42.842Z] Platform:      linux
[debug] [2024-02-03T19:39:42.842Z] Node Version:  v20.10.0
[debug] [2024-02-03T19:39:42.842Z] Time:          Sat Feb 03 2024 19:39:42 GMT+0000 (Coordinated Universal Time)
[debug] [2024-02-03T19:39:42.842Z] ----------------------------------------------------------------------
[debug] 
[info] i  Firebase optionally collects CLI and Emulator Suite usage and error reporting information to help improve our products. Data is collected in accordance with Google's privacy policy (https://policies.google.com/privacy) and is not used to identify you.
 
[info] i  To change your data collection preference at any time, run `firebase logout` and log in again. 
[info] 
[info] Visit this URL on this device to log in:
[info] https://accounts.google.com/o/oauth2/auth?client_id=563584335869-fgrhgmd47bqnekij5i8b5pr03ho849e6.apps.googleusercontent.com&scope=email%20openid%20https%3A%2F%2Fwww.googleapis.com%2Fauth%2Fcloudplatformprojects.readonly%20https%3A%2F%2Fwww.googleapis.com%2Fauth%2Ffirebase%20https%3A%2F%2Fwww.googleapis.com%2Fauth%2Fcloud-platform&response_type=code&state=324638460&redirect_uri=http%3A%2F%2Flocalhost%3A9005
[info] 
[info] Waiting for authentication...
[debug] [2024-02-03T19:39:47.198Z] >>> [apiv2][query] POST https://auth.firebase.tools/attest [none]
[debug] [2024-02-03T19:39:47.199Z] >>> [apiv2][body] POST https://auth.firebase.tools/attest {"session_id":"33f6e90b-6fea-492c-a5ef-9ad83935dbc9"}
[debug] [2024-02-03T19:39:47.648Z] <<< [apiv2][status] POST https://auth.firebase.tools/attest 200
[debug] [2024-02-03T19:39:47.648Z] <<< [apiv2][body] POST https://auth.firebase.tools/attest {"token":"J_NMulSl20iifgQ4-mst84pQcxEopEvzKLZ70punIfQ"}
[info] 
[info] To sign in to the Firebase CLI:
[info] 
[info] 1. Take note of your session ID:
[info] 
[info]    33F6E
[info] 
[info] 2. Visit the URL below on any device and follow the instructions to get your code:
[info] 
[info]    https://auth.firebase.tools/login?code_challenge=9Z5oyud3MRH96tioljbzkgiK70UUeW3kiq4khlKULVI&session=33f6e90b-6fea-492c-a5ef-9ad83935dbc9&attest=J_NMulSl20iifgQ4-mst84pQcxEopEvzKLZ70punIfQ
[info] 
[info] 3. Paste or enter the authorization code below once you have it:
[info] 
